TN:
SF:src/modules/appointments/services/CreateAppointmentService.ts
FN:13,(anonymous_18)
FN:14,CreateAppointmentService
FN:19,(anonymous_20)
FNF:3
FNH:3
FNDA:1,(anonymous_18)
FNDA:2,CreateAppointmentService
FNDA:3,(anonymous_20)
DA:1,1
DA:2,1
DA:3,1
DA:13,1
DA:16,2
DA:19,3
DA:20,3
DA:22,3
DA:26,3
DA:27,1
DA:30,2
DA:35,2
DA:37,1
DA:39,1
LF:14
LH:14
BRDA:26,0,0,1
BRDA:26,0,1,2
BRF:2
BRH:2
end_of_record
TN:
SF:src/modules/users/services/AuthenticatedUserServices.ts
FN:18,(anonymous_18)
FN:19,AuthenticatedUserService
FN:24,(anonymous_20)
FNF:3
FNH:3
FNDA:1,(anonymous_18)
FNDA:1,AuthenticatedUserService
FNDA:1,(anonymous_20)
DA:1,1
DA:2,1
DA:3,1
DA:5,1
DA:7,1
DA:18,1
DA:21,1
DA:24,1
DA:25,1
DA:27,1
DA:28,0
DA:30,1
DA:32,1
DA:33,0
DA:36,1
DA:41,1
DA:46,1
DA:48,1
LF:18
LH:16
BRDA:25,0,0,1
BRDA:27,1,0,0
BRDA:27,1,1,1
BRDA:32,2,0,0
BRDA:32,2,1,1
BRF:5
BRH:3
end_of_record
TN:
SF:src/modules/users/services/CreatedUserService.ts
FN:13,(anonymous_18)
FN:14,CreadetUserService
FN:19,(anonymous_20)
FNF:3
FNH:3
FNDA:2,(anonymous_18)
FNDA:3,CreadetUserService
FNDA:4,(anonymous_20)
DA:1,2
DA:3,2
DA:5,2
DA:13,2
DA:16,3
DA:19,4
DA:20,4
DA:22,4
DA:23,1
DA:26,3
DA:28,3
DA:34,3
DA:36,2
DA:37,2
LF:14
LH:14
BRDA:20,0,0,4
BRDA:22,1,0,1
BRDA:22,1,1,3
BRF:3
BRH:3
end_of_record
TN:
SF:src/modules/users/services/UpdateUserAvatarService.ts
FN:14,(anonymous_18)
FN:15,UpdateUserAvatarServices
FN:20,(anonymous_20)
FNF:3
FNH:0
FNDA:0,(anonymous_18)
FNDA:0,UpdateUserAvatarServices
FNDA:0,(anonymous_20)
DA:1,0
DA:2,0
DA:4,0
DA:5,0
DA:6,0
DA:14,0
DA:17,0
DA:20,0
DA:21,0
DA:23,0
DA:24,0
DA:27,0
DA:29,0
DA:30,0
DA:32,0
DA:33,0
DA:37,0
DA:39,0
DA:41,0
DA:43,0
DA:45,0
LF:21
LH:0
BRDA:21,0,0,0
BRDA:23,1,0,0
BRDA:23,1,1,0
BRDA:27,2,0,0
BRDA:27,2,1,0
BRDA:32,3,0,0
BRDA:32,3,1,0
BRF:7
BRH:0
end_of_record
